C51 COMPILER V9.60.0.0   BSP_ES_LOGIC                                                      03/08/2020 18:22:28 PAGE 1   


C51 COMPILER V9.60.0.0, COMPILATION OF MODULE BSP_ES_LOGIC
OBJECT MODULE PLACED IN ..\Objects\bsp_ES_Logic.obj
COMPILER INVOKED BY: F:\Keil_v5\C51\BIN\C51.EXE ..\BSP\src\bsp_ES_Logic.c OPTIMIZE(8,SPEED) BROWSE INCDIR(..\user;..\BSP
                    -\inc) DEBUG OBJECTEXTEND PRINT(..\Listings\bsp_ES_Logic.lst) OBJECT(..\Objects\bsp_ES_Logic.obj)

line level    source

   1          #include "bsp_405x.h"
   2          //test
   3          
   4          const float Electronic_dw[3] = {0.989, 4.1, 43};//设置每个挡位的放大倍数,从左到右1->3挡位
   5          
   6          struct _Es_Range
   7          {
   8                  /* data */
   9                  float Range_min;                //挡位最小值
  10                  float Range_max;                //挡位最大值
  11          };
  12          
  13          xdata struct _Es_Range Es_Range[3] ={ 
  14          {1, 5},                           //设置第一个挡位的范围
  15          {0.1, 1},                         //设置第二个挡位的范围
  16          {0, 0.1}};                         //设置第三个挡位的范围
  17          
  18          static uint8_t  Electronic_Auto_Mode(float val,uint8_t dw);//自动获取合适挡位
  19          
  20          static float ES_Val[2] = 0 ;//获取的电压值
  21          
  22          float Get_ES_Val(void)  //外部调用获取电压值
  23          {
  24   1              return(*ES_Val);
  25   1              //return(*(ES_Val + 1));
  26   1      }
  27          
  28          static float Get_ES_Val2(void)  //外部调用获取电压值
  29          {
  30   1              return(*(ES_Val + 1));
  31   1      }
  32          
  33          static void Set_ES_Val1(float temp)     //内部调用设置校零电压值
  34          {
  35   1              *ES_Val = temp;
  36   1      }
  37          
  38          static void Set_ES_Val2(float temp)     //内部调用设置未校零电压值
  39          {
  40   1              *(ES_Val + 1) = temp;
  41   1      }
  42          
  43          uint8_t Electronic_scale_scan(uint8_t _scan,float val)
  44          {
  45   1              static uint8_t State_Machine = 1;       //状态机
  46   1              static uint8_t last_scan = 0;           //记录上一次输入挡位
  47   1              static uint8_t last_dw = 1;                     //记录上一次放大挡位(初始化默认为1)
  48   1              uint8_t temp = 0;
  49   1              if(_scan != last_scan){                         //当输入的电子秤编号与上一次不同时进行状态机置1
  50   2                      last_scan = _scan;
  51   2                      //设置从第一步开始
  52   2                      State_Machine = 1;
  53   2              }
  54   1      
C51 COMPILER V9.60.0.0   BSP_ES_LOGIC                                                      03/08/2020 18:22:28 PAGE 2   

  55   1      
  56   1      
  57   1              switch(State_Machine)
  58   1              {
  59   2                      case 1:
  60   2                              switch(last_scan)                                                       //打开对应输入开关
  61   2                              {
  62   3                                      case 0:INPUT_ONE_ENALBE                 break;
  63   3                                      case 1:INPUT_TWO_ENALBE                 break;
  64   3                                      case 2:INPUT_THREE_ENALBE               break;
  65   3                                      case 3:INPUT_FOUR_ENALBE                break;
  66   3                                      case 4:INPUT_CLEAR_ENALBE               break;
  67   3                                      default :INPUT_CLEAR_ENALBE     break;
  68   3                              }
  69   2                              OP_dw1_ENALBE;
  70   2                              State_Machine++;
  71   2                      break;
  72   2                      case 2:                                                                                 //进行数据的获取
  73   2                              temp = Electronic_Auto_Mode(val, last_dw);
  74   2                              
  75   2                              if(last_dw != temp){
  76   3                                      last_dw = temp;
  77   3                                      switch(last_dw)
  78   3                                      {
  79   4                                              case 1:OP_dw1_ENALBE            break;
  80   4                                              case 2:OP_dw2_ENALBE            break;
  81   4                                              case 3:OP_dw3_ENALBE            break;
  82   4                                              default:break;
  83   4                                      }
  84   3                                      State_Machine = 5;
  85   3                              }
  86   2                              else{
  87   3                                      Set_ES_Val2(val / Electronic_dw[last_dw-1]);
  88   3                                      State_Machine++;
  89   3                                      INPUT_CLEAR_ENALBE
  90   3                              }
  91   2                              break;
  92   2                      case 3:State_Machine++; break;
  93   2                      case 4:                                         //获取校零数据
  94   2                              Set_ES_Val1(Get_ES_Val2() - (val / Electronic_dw[last_dw - 1]));
  95   2                              switch(last_scan)                                                       //打开对应输入开关
  96   2                              {
  97   3                                      case 0:INPUT_ONE_ENALBE                 break;
  98   3                                      case 1:INPUT_TWO_ENALBE                 break;
  99   3                                      case 2:INPUT_THREE_ENALBE               break;
 100   3                                      case 3:INPUT_FOUR_ENALBE                break;
 101   3                                      case 4:INPUT_CLEAR_ENALBE               break;
 102   3                                      default :INPUT_CLEAR_ENALBE     break;
 103   3                              }
 104   2                              State_Machine = 5;//重新获取数据
 105   2                              break;
 106   2                      case 5:State_Machine = 2; break;        
 107   2                      default: break;
 108   2              }
 109   1              return 0;
 110   1      }
 111          
 112          
 113          
 114          static uint8_t  Electronic_Auto_Mode(float val,uint8_t dw)
 115          {
 116   1              uint8_t state = 0;
C51 COMPILER V9.60.0.0   BSP_ES_LOGIC                                                      03/08/2020 18:22:28 PAGE 3   

 117   1              float temp = val / Electronic_dw[dw - 1];//数组存储从0开始
 118   1                      if(temp > Es_Range[0].Range_min)
 119   1                              state = 1;
 120   1                      else if(temp <= Es_Range[1].Range_max && temp > Es_Range[1].Range_min)
 121   1                              state = 2;
 122   1                      else if(temp <= Es_Range[2].Range_max && temp >= Es_Range[2].Range_min)
 123   1                              state = 3;
 124   1              return state;
 125   1      }
 126          
 127          
 128          
 129          
 130          
 131          // static uint8_t  Electronic_Auto_Mode(float val,uint8_t dw)
 132          // {
 133          //      uint8_t state = 0;
 134          //      float temp = val / Electronic_dw[dw];
 135          //      switch(dw)
 136          //      {
 137          //              case 1: if(temp > Es_Range[0].Rangle_min)
 138          //                                      state = 1;
 139          //                              else if(temp <= Es_Range[1].Rangle_max && temp > Es_Range[1].Rangle_min)
 140          //                                      state = 2;
 141          //                              else if(temp > 0)
 142          //                                      state = 3;
 143          //              break;
 144          //              case 2:
 145          //                              if(temp <= Es_Range[1].Rangle_max && temp > Es_Range[1].Rangle_min)
 146          //                                      state = 2;
 147          //                              else if(temp > 0)
 148          //                                      state = 3;
 149          //              break;
 150          //              case 3:
 151          //                              if(temp <= Es_Range[2].Rangle_max && temp > Es_Range[2].Rangle_min)
 152          //                                      state = 3;
 153          //      }
 154          //      return state;
 155          // }


MODULE INFORMATION:   STATIC OVERLAYABLE
   CODE SIZE        =    555    ----
   CONSTANT SIZE    =   ----    ----
   XDATA SIZE       =     24    ----
   PDATA SIZE       =   ----    ----
   DATA SIZE        =     23      15
   IDATA SIZE       =   ----    ----
   BIT SIZE         =   ----    ----
END OF MODULE INFORMATION.


C51 COMPILATION COMPLETE.  0 WARNING(S),  0 ERROR(S)
