C51 COMPILER V9.60.0.0   BSP_LCD                                                           02/13/2020 15:18:45 PAGE 1   


C51 COMPILER V9.60.0.0, COMPILATION OF MODULE BSP_LCD
OBJECT MODULE PLACED IN ..\Objects\bsp_lcd.obj
COMPILER INVOKED BY: C:\keil\C51\BIN\C51.EXE ..\BSP\src\bsp_lcd.c OPTIMIZE(8,SPEED) BROWSE INCDIR(..\user;..\BSP\inc) DE
                    -BUG OBJECTEXTEND PRINT(..\Listings\bsp_lcd.lst) OBJECT(..\Objects\bsp_lcd.obj)

line level    source

   1          #include "bsp_lcd.h"
   2          
   3          /*******************************************************************************
   4          * 函 数 名         : Delay1ms
   5          * 函数功能                 : 延时函数，延时1ms
   6          * 输    入         : c
   7          * 输    出         : 无
   8          * 说    名         : 该函数是在12MHZ晶振下，12分频单片机的延时。
   9          *******************************************************************************/
  10          
  11          void Delay1ms(uchar z)          //@11.0592MHz
  12          {
  13   1              unsigned char i, j,k;
  14   1              for(k=0;k<z;k++)
  15   1              {
  16   2                      _nop_();
  17   2                      i = 11;
  18   2                      j = 190;
  19   2                      do
  20   2                      {
  21   3                              while (--j);
  22   3                      } while (--i);
  23   2              }
  24   1      }
  25          
  26          void Delay100us()               //@11.0592MHz
  27          {
  28   1              unsigned char i;
  29   1      
  30   1              _nop_();
  31   1              i = 43;
  32   1              while (--i);
  33   1      }
  34          
  35          
  36          /*******************************************************************************
  37          * 函 数 名         : LcdWriteCom
  38          * 函数功能                 : 向LCD写入一个字节的命令
  39          * 输    入         : com
  40          * 输    出         : 无
  41          *******************************************************************************/
  42          #ifndef         LCD1602_4PINS    //当没有定义这个LCD1602_4PINS时
              void LcdWriteCom(uchar com)       //写入命令
              {
                      LCD1602_E = 0;     //使能
                      LCD1602_RS = 0;    //选择发送命令
                      LCD1602_RW = 0;    //选择写入
                      
                      LCD1602_DATAPINS = com;     //放入命令
                      Delay1ms(1);            //等待数据稳定
              
                      LCD1602_E = 1;            //写入时序
                      Delay100us();     //保持时间
                      LCD1602_E = 0;
C51 COMPILER V9.60.0.0   BSP_LCD                                                           02/13/2020 15:18:45 PAGE 2   

              }
              #else 
  57          void LcdWriteCom(uchar com)       //写入命令
  58          {
  59   1              LCD1602_E = 0;   //使能清零
  60   1              LCD1602_RS = 0;  //选择写入命令
  61   1              LCD1602_RW = 0;  //选择写入
  62   1      
  63   1              LCD1602_DATAPINS = com; //由于4位的接线是接到P0口的高四位，所以传送高四位不用改
  64   1              Delay1ms(1);
  65   1      
  66   1              LCD1602_E = 1;   //写入时序
  67   1              Delay1ms(1);
  68   1              LCD1602_E = 0;
  69   1      
  70   1      //      Delay1ms(1);
  71   1              LCD1602_DATAPINS = com << 4; //发送低四位
  72   1              Delay1ms(1);
  73   1      
  74   1              LCD1602_E = 1;   //写入时序
  75   1              Delay1ms(1);
  76   1              LCD1602_E = 0;
  77   1      }
  78          #endif
  79          /*******************************************************************************
  80          * 函 数 名         : LcdWriteData
  81          * 函数功能                 : 向LCD写入一个字节的数据
  82          * 输    入         : dat
  83          * 输    出         : 无
  84          *******************************************************************************/                   
  85          #ifndef         LCD1602_4PINS              
              void LcdWriteData(uchar dat)                    //写入数据
              {
                      LCD1602_E = 0;  //使能清零
                      LCD1602_RS = 1; //选择输入数据
                      LCD1602_RW = 0; //选择写入
              
                      LCD1602_DATAPINS = dat; //写入数据
                      Delay1ms(1);
              
                      LCD1602_E = 1;   //写入时序
                      Delay100us();   //保持时间
                      LCD1602_E = 0;
              }
              #else
 100          void LcdWriteData(uchar dat)                    //写入数据
 101          {
 102   1              LCD1602_E = 0;    //使能清零
 103   1              LCD1602_RS = 1;   //选择写入数据
 104   1              LCD1602_RW = 0;   //选择写入
 105   1      
 106   1              LCD1602_DATAPINS = dat; //由于4位的接线是接到P0口的高四位，所以传送高四位不用改
 107   1              Delay1ms(1);
 108   1      
 109   1              LCD1602_E = 1;    //写入时序
 110   1              Delay1ms(1);
 111   1              LCD1602_E = 0;
 112   1      
 113   1              LCD1602_DATAPINS = dat << 4; //写入低四位
 114   1              Delay1ms(1);
 115   1      
 116   1              LCD1602_E = 1;    //写入时序
C51 COMPILER V9.60.0.0   BSP_LCD                                                           02/13/2020 15:18:45 PAGE 3   

 117   1              Delay100us();
 118   1              LCD1602_E = 0;
 119   1      }
 120          #endif
 121          /*******************************************************************************
 122          * 函 数 名       : LcdInit()
 123          * 函数功能               : 初始化LCD屏
 124          * 输    入       : 无
 125          * 输    出       : 无
 126          *******************************************************************************/                   
 127          #ifndef         LCD1602_4PINS
              void LcdInit()                                            //LCD初始化子程序
              {
                      LcdWriteCom(0x38);  //开显示
                      LcdWriteCom(0x0c);  //开显示不显示光标
                      LcdWriteCom(0x06);  //写一个指针加1
                      LcdWriteCom(0x01);  //清屏
                      LcdWriteCom(0x80);  //设置数据指针起点
              }
              #else
 137          void LcdInit()                                            //LCD初始化子程序
 138          {
 139   1              LcdWriteCom(0x32);       //将8位总线转为4位总线
 140   1              LcdWriteCom(0x28);       //在四位线下的初始化
 141   1              LcdWriteCom(0x0c);  //开显示不显示光标
 142   1              LcdWriteCom(0x06);  //写一个指针加1
 143   1              LcdWriteCom(0x01);  //清屏
 144   1              LcdWriteCom(0x80);  //设置数据指针起点
 145   1      }
 146          #endif
 147          
 148          void LcdShowStr(char cAddr,char *pStr)
 149          {
 150   1              while(*pStr != '\0')
 151   1              {
 152   2                      LcdWriteCom(cAddr);
 153   2                      cAddr++;
 154   2                      LcdWriteData(*pStr);
 155   2                      pStr++;
 156   2              }
 157   1      }
 158          
 159          


MODULE INFORMATION:   STATIC OVERLAYABLE
   CODE SIZE        =    165    ----
   CONSTANT SIZE    =   ----    ----
   XDATA SIZE       =   ----    ----
   PDATA SIZE       =   ----    ----
   DATA SIZE        =   ----       4
   IDATA SIZE       =   ----    ----
   BIT SIZE         =   ----    ----
END OF MODULE INFORMATION.


C51 COMPILATION COMPLETE.  0 WARNING(S),  0 ERROR(S)
