C51 COMPILER V9.60.0.0   BSP_MAIN                                                          03/02/2020 00:36:59 PAGE 1   


C51 COMPILER V9.60.0.0, COMPILATION OF MODULE BSP_MAIN
OBJECT MODULE PLACED IN ..\Objects\bsp_main.obj
COMPILER INVOKED BY: F:\Keil_v5\C51\BIN\C51.EXE ..\user\bsp_main.c OPTIMIZE(8,SPEED) BROWSE INCDIR(..\user;..\BSP\inc) D
                    -EBUG OBJECTEXTEND PRINT(..\Listings\bsp_main.lst) OBJECT(..\Objects\bsp_main.obj)

line level    source

   1          #include "inc.h"
   2          
   3          
   4          xdata Dishes Dishes_temp[] ={
   5          {"qingcai",2.2},
   6          {"dabaicai",2.8},
   7          {"xiguan",4.9},
   8          {"xiangjiao",71.3},
   9          {"xihongshi",88.2},
  10          {"niunan",99},
  11          {"jinju",19},
  12          {"niunan",22},
  13          {"qiezi",33},
  14          {"huasheng",55},
  15          {"niunai",88},};
  16          
  17          Info Dishes_Info = {0,0,2.2,0,0,0};
  18          
  19          //xdata Info Dishes_Info_[4] = {
  20          //{0,2.2,0,0},
  21          //{0,2.2,0,0},
  22          //{0,2.2,0,0},
  23          //{0,2.2,0,0},};
  24          
  25          void Delay200ms()               //@11.0592MHz
  26          {
  27   1              unsigned char i, j, k;
  28   1              _nop_();
  29   1              i = 2;
  30   1              j = 103;
  31   1              k = 147;
  32   1              do
  33   1              {
  34   2                      do
  35   2                      {
  36   3                              while (--k);
  37   3                      } while (--j);
  38   2              } while (--i);
  39   1      }
  40          
  41          
  42          
  43          void lcd_display(void);
  44          char xdata str[25] = 0;
  45          void main(void)
  46          {
  47   1              unsigned char key = 0;
  48   1              uint8_t flag = 0,flag_temp = 0;
  49   1              lcd_display();
  50   1              Timer0Init();
  51   1              UartInit();
  52   1              while(1)
  53   1              {
  54   2                      key = Get_KeyPad() ;
C51 COMPILER V9.60.0.0   BSP_MAIN                                                          03/02/2020 00:36:59 PAGE 2   

  55   2                      Dishes_Info.weight = Get_ES_Val() - Dishes_Info.Peeled;
  56   2                      sprintf(str, "电压值:%f, key:%c\n",Dishes_Info.weight,key);
  57   2                      Send_String(str);
  58   2      //              if(key == 'C' && flag == 0)
  59   2      //              {
  60   2      //                      Dishes_Info.Peeled = Get_ES_Val();
  61   2      //                      uClear_KeyPad();
  62   2      //              }
  63   2                      if(flag < 4)
  64   2                      {
  65   3                              sprintf(str, "WE:%01.3f PR:%04.1f",Dishes_Info.weight,Dishes_Info.price);
  66   3                              LcdShowStr(0x80,str);
  67   3                              Dishes_Info.money = Dishes_Info.weight * Dishes_Info.price;
  68   3                              sprintf(str, "MONEY:%06.2fNo:%d", Dishes_Info.money, (int)Dishes_Info.Num);
  69   3                              LcdShowStr(0x80 + 0x40,str);
  70   3                              switch(key)
  71   3                              {
  72   4                                      case 'S':  flag = 1;  uClear_KeyPad();break;
  73   4                                      case '=':  flag = 2;  uClear_KeyPad();break;
  74   4                                      case 'C':  flag = 3;  flag += 1<<4 ;
  75   4                                                         LcdShowStr(0x80,"                ");
  76   4                                                         LcdShowStr(0x80+ 0x40,"                ");
  77   4                                                         uClear_KeyPad();break;
  78   4                                      case 0xff:break;
  79   4                                      case '0':
  80   4                                      case '1':
  81   4                                      case '2':
  82   4                                      case '3':
  83   4                                      case '4':
  84   4                                      case '5':
  85   4                                      case '6':
  86   4                                      case '7':
  87   4                                      case '8':
  88   4                                      case '9':
  89   4                                                              if(flag == 1)
  90   4                                                              {
  91   5                                                                      flag += 1<<4 ;
  92   5                                                                      LcdShowStr(0x80,"                ");
  93   5                                                                      LcdShowStr(0x80+ 0x40,"                ");
  94   5                                                              }else if(flag == 2)
  95   4                                                              {
  96   5                                                                      flag += 1<<4;
  97   5                                                              }
  98   4                                                              break;
  99   4                                      default:break;
 100   4                              }                       
 101   3                      }
 102   2                      if((flag & (1<<4)))
 103   2                      {
 104   3                              flag_temp = flag ;
 105   3                              flag_temp &= ~(1<<4); 
 106   3                              if(key == 'S')
 107   3                              {
 108   4                                      flag = 0;
 109   4                                      uClear_KeyPad();
 110   4                              }               
 111   3                              switch(flag_temp)
 112   3                              {
 113   4                                      case 1:
 114   4                              
 115   4                                      if((key != 'S' ) && (key != 0xff)) 
 116   4                                      {
C51 COMPILER V9.60.0.0   BSP_MAIN                                                          03/02/2020 00:36:59 PAGE 3   

 117   5                                              Dishes_Info.price = Dishes_temp[key-'0'].price;
 118   5                                              Dishes_Info.Num = key - '0';
 119   5                                              sprintf(str, "菜名:%s, 单价:%2.1f\n",Dishes_temp[key-'0'].DisheName, Dishes_Info.price);
 120   5                                              Send_String(str);
 121   5                                              
 122   5                                              sprintf(str, " name:%s",Dishes_temp[key-'0'].DisheName);
 123   5                                              LcdShowStr(0x80,str);
 124   5                                              
 125   5                                              sprintf(str, "price:%2.1f      ",Dishes_Info.price);    
 126   5                                              LcdShowStr(0x80 + 0x40,str);
 127   5                                              uClear_KeyPad();        
 128   5                                      }
 129   4                                      break;
 130   4                                      case 2:
 131   4                                      if((key >= '0') && (key <= '9'))
 132   4                                      {
 133   5                                              LcdShowStr(0x80 ,"Electronic scale");
 134   5                                              sprintf(str, "USE_MODE: NO:%d  ",(int)(key-'0'));
 135   5                                              LcdShowStr(0x80 + 0x40 ,str);   
 136   5                                              Dishes_Info.WhichES = key-'0';
 137   5                                              uClear_KeyPad();
 138   5                                      }
 139   4                                      break;
 140   4                                      case 3:
 141   4                                              if(key != 'S')
 142   4                                              {
 143   5                                                      Dishes_Info.Peeled = Get_ES_Val();
 144   5                                                      sprintf(str, "Peeled:%f01.3", Dishes_Info.Peeled);
 145   5                                                      Send_String(str);
 146   5                                                      LcdShowStr(0x80,"  name:Peeled  ");
 147   5                                                      
 148   5                                                      sprintf(str, "val:%2.3f      ",Dishes_Info.Peeled);     
 149   5                                                      LcdShowStr(0x80 + 0x40,str);    
 150   5                                              }
 151   4                                      break;
 152   4                                      default :break;
 153   4                              }
 154   3                              
 155   3                              
 156   3                              
 157   3                      }
 158   2                      
 159   2                      Delay200ms();
 160   2      
 161   2              }
 162   1      }
 163          
 164          void lcd_display(void)
 165          {
 166   1              LcdInit();      
 167   1              LcdShowStr(0x80 ,"   Welcome use  ");
 168   1              LcdShowStr(0x80 + 0x40 ,"Electronic scale");
 169   1              Delay200ms();
 170   1              Delay200ms();
 171   1              LcdShowStr(0x80 ,"  class: b16   ");
 172   1              LcdShowStr(0x80+ 0x40,"   name: XXX    ");
 173   1              Delay200ms();
 174   1              Delay200ms();
 175   1      }
 176          
 177          
 178          
C51 COMPILER V9.60.0.0   BSP_MAIN                                                          03/02/2020 00:36:59 PAGE 4   

 179          
 180          
 181          
 182          
 183          
 184          
 185          
 186          
 187          
 188          
 189          
 190          
 191          
 192          
 193          
 194          
 195          
 196          
 197          
 198          
 199          
 200          
 201          
 202          
 203          
 204          
 205          
 206          
 207          
 208          


MODULE INFORMATION:   STATIC OVERLAYABLE
   CODE SIZE        =    870    ----
   CONSTANT SIZE    =    332    ----
   XDATA SIZE       =    102    ----
   PDATA SIZE       =   ----    ----
   DATA SIZE        =     18       3
   IDATA SIZE       =   ----    ----
   BIT SIZE         =   ----    ----
END OF MODULE INFORMATION.


C51 COMPILATION COMPLETE.  0 WARNING(S),  0 ERROR(S)
