C51 COMPILER V9.60.0.0   BSP_MAIN                                                          03/23/2020 11:36:55 PAGE 1   


C51 COMPILER V9.60.0.0, COMPILATION OF MODULE BSP_MAIN
OBJECT MODULE PLACED IN ..\Objects\bsp_main.obj
COMPILER INVOKED BY: F:\Keil_v5\C51\BIN\C51.EXE ..\user\bsp_main.c OPTIMIZE(8,SPEED) BROWSE INCDIR(..\user;..\BSP\inc) D
                    -EBUG OBJECTEXTEND PRINT(..\Listings\bsp_main.lst) OBJECT(..\Objects\bsp_main.obj)

line level    source

   1          #include "inc.h"
   2          
   3          
   4          
   5          
   6          void Delay200ms()               //@11.0592MHz
   7          {
   8   1              unsigned char i, j, k;
   9   1              _nop_();
  10   1              i = 2;
  11   1              j = 103;
  12   1              k = 147;
  13   1              do
  14   1              {
  15   2                      do
  16   2                      {
  17   3                              while (--k);
  18   3                      } while (--j);
  19   2              } while (--i);
  20   1      }
  21          
  22          
  23          
  24          void lcd_display(void);
  25          char xdata str[17] = 0;
  26          void main(void)
  27          {
  28   1      
  29   1              double *val = (void*)0;
  30   1              lcd_display();
  31   1              Timer0Init();
  32   1              UartInit();
  33   1              while(1)
  34   1              {
  35   2                      ET0 = 0;
  36   2                      val = Get_ES_Table_Val();
  37   2                      sprintf(str, "v1:%5.3fv2:%5.3f\n",(float)val[0],(float)val[1]);
  38   2                      Send_String(str);
  39   2                      LcdShowStrToLength(0x80 ,str,16);
  40   2                      sprintf(str, "v3:%5.3fv4:%5.3f\n",(float)val[2],(float)val[3]);
  41   2                      Send_String(str);
  42   2                      LcdShowStrToLength(0x80+ 0x40,str,16);
  43   2                      ET0 = 1;
  44   2                      Delay200ms();
  45   2      
  46   2              }
  47   1      }
  48          
  49          void lcd_display(void)
  50          {
  51   1              LcdInit();      
  52   1              LcdShowStr(0x80 ,"   Welcome use  ");
  53   1              LcdShowStr(0x80 + 0x40 ,"Electronic scale");
  54   1              Delay200ms();
C51 COMPILER V9.60.0.0   BSP_MAIN                                                          03/23/2020 11:36:55 PAGE 2   

  55   1              Delay200ms();
  56   1              LcdShowStr(0x80 ,"  class: b16   ");
  57   1              LcdShowStr(0x80+ 0x40,"   name: XXX    ");
  58   1      }
  59          
  60          
  61          
  62          
  63          
  64          
  65          
  66          
  67          
  68          
  69          
  70          
  71          
  72          
  73          
  74          
  75          
  76          
  77          
  78          
  79          
  80          
  81          
  82          
  83          
  84          
  85          
  86          
  87          
  88          
  89          
  90          
  91          


MODULE INFORMATION:   STATIC OVERLAYABLE
   CODE SIZE        =    245    ----
   CONSTANT SIZE    =    103    ----
   XDATA SIZE       =     17    ----
   PDATA SIZE       =   ----    ----
   DATA SIZE        =   ----       3
   IDATA SIZE       =   ----    ----
   BIT SIZE         =   ----    ----
END OF MODULE INFORMATION.


C51 COMPILATION COMPLETE.  0 WARNING(S),  0 ERROR(S)
