C51 COMPILER V9.60.0.0   BSP_DS18B20                                                       03/02/2020 13:20:54 PAGE 1   


C51 COMPILER V9.60.0.0, COMPILATION OF MODULE BSP_DS18B20
OBJECT MODULE PLACED IN bsp_ds18b20.OBJ
COMPILER INVOKED BY: F:\Keil_v5\C51\BIN\C51.EXE bsp_ds18b20.c OPTIMIZE(8,SPEED) BROWSE DEBUG OBJECTEXTEND

line level    source

   1          #include "BSP_DS18B20.h"
   2          #include "intrins.h"
   3          
   4          
   5          
   6          
   7          /***********ds18b20延迟子函数（晶振12MHz ）*******/ 
   8          /************DS18B20对时间要求很严,但只能长不能短
   9          *************在11.0592M下也行,因为时间长些********/
  10          static void delay_18B20(unsigned int i)
  11          {
  12   1              while(i--);
  13   1      }
  14          
  15          /**********ds18b20初始化函数**********************/
  16          
  17          static void Init_DS18B20(void) 
  18          {
  19   1               unsigned char x=0;
  20   1               DQ = 1;          //DQ复位
  21   1               delay_18B20(8);  //稍做延时
  22   1               DQ = 0;          //单片机将DQ拉低
  23   1               delay_18B20(80); //精确延时 大于 480us
  24   1               DQ = 1;          //拉高总线
  25   1               delay_18B20(14);
  26   1               x=DQ;            //稍做延时后 如果x=0则初始化成功 x=1则初始化失败
  27   1               delay_18B20(20);
  28   1      }
  29          
  30          /***********ds18b20读一个字节**************/  
  31          
  32          static unsigned char ReadOneChar(void)
  33          {
  34   1              unsigned char i=0;
  35   1              unsigned char dat = 0;
  36   1              for (i=8;i>0;i--)
  37   1               {
  38   2                        DQ = 0; // 给脉冲信号
  39   2                        dat>>=1;
  40   2                        DQ = 1; // 给脉冲信号
  41   2                        if(DQ)
  42   2                        dat|=0x80;
  43   2                        delay_18B20(4);
  44   2               }
  45   1              return(dat);
  46   1      }
  47          
  48          /*************ds18b20写一个字节****************/  
  49          
  50          static void WriteOneChar(unsigned char dat)
  51          {
  52   1              unsigned char i=0;
  53   1              for (i=8; i>0; i--)
  54   1              {
  55   2                      DQ = 0;
C51 COMPILER V9.60.0.0   BSP_DS18B20                                                       03/02/2020 13:20:54 PAGE 2   

  56   2                      DQ = dat&0x01;
  57   2              delay_18B20(5);
  58   2                      DQ = 1;
  59   2              dat>>=1;
  60   2       }
  61   1      }
  62          
  63          /**************读取ds18b20当前温度************/
  64          
  65          int Ds18b20ReadTemp(void)
  66          {       
  67   1              int temp = 0;
  68   1              Init_DS18B20();
  69   1              
  70   1              delay_18B20(80);       // this message is wery important
  71   1              Init_DS18B20();
  72   1              WriteOneChar(0xCC);     // 跳过读序号列号的操作
  73   1              WriteOneChar(0x44);     // 启动温度转换
  74   1      
  75   1              delay_18B20(80);       // this message is wery important
  76   1              Init_DS18B20();
  77   1              WriteOneChar(0xCC);     //跳过读序号列号的操作
  78   1              WriteOneChar(0xBE);     //读取温度寄存器等（共可读9个寄存器） 前两个就是温度
  79   1              delay_18B20(80);
  80   1      
  81   1              temp = ReadOneChar();           //读取温度值低位
  82   1              temp += ReadOneChar() << 8;             //读取温度值高位
  83   1              return temp;
  84   1      }
  85          
  86          
  87          
  88          


MODULE INFORMATION:   STATIC OVERLAYABLE
   CODE SIZE        =    195    ----
   CONSTANT SIZE    =   ----    ----
   XDATA SIZE       =   ----    ----
   PDATA SIZE       =   ----    ----
   DATA SIZE        =   ----       2
   IDATA SIZE       =   ----    ----
   BIT SIZE         =   ----    ----
END OF MODULE INFORMATION.


C51 COMPILATION COMPLETE.  0 WARNING(S),  0 ERROR(S)
