C51 COMPILER V9.01   ADC0832                                                               03/05/2020 22:48:01 PAGE 1   


C51 COMPILER V9.01, COMPILATION OF MODULE ADC0832
OBJECT MODULE PLACED IN .\output\adc0832.obj
COMPILER INVOKED BY: D:\Program Files (x86)\Keil C51\C51\BIN\C51.EXE source\adc0832.c OMF2 DEBUG PRINT(.\Listings\adc083
                    -2.lst) TABS(2) PREPRINT(.\Listings\adc0832.i) OBJECT(.\output\adc0832.obj)

line level    source

   1          /******************************************************************************
   2          文 件 名   : adc0832.c
   3          
   4          @file adc0832.c
   5          @brief ADC0832驱动(8位ADC)
   6          
   7          ******************************************************************************/
   8          
   9          /*----------------------------------------------*
  10           * 包含头文件                                   *
  11           *----------------------------------------------*/
  12          #include "main.h"
  13          
  14          #ifdef ADC0832_DEV_DRIVER
              
              /*----------------------------------------------*
               * 宏定义                                 *
               *----------------------------------------------*/
              #define DEBUG   ( 1 )
              
              #if DEBUG
              #define log(X)    print_string(X)
              #else
              #define log(X)
              #endif
              
              ///ADC0832 IO口引脚定义
              sbit ADC0832_PIN_CS  = P1^0;
              sbit ADC0832_PIN_DO  = P1^1;
              sbit ADC0832_PIN_DI  = P1^2;
              sbit ADC0832_PIN_CLK = P1^3;
              
              ///ADC0832 IO操作
              #define ADC0832_do_pin_read()      ADC0832_PIN_DO
              
              #define ADC0832_di_pin_reset()     ADC0832_PIN_DI = 0
              #define ADC0832_di_pin_set()       ADC0832_PIN_DI = 1
              
              #define ADC0832_clk_pin_reset()    ADC0832_PIN_CLK = 0
              #define ADC0832_clk_pin_set()      ADC0832_PIN_CLK = 1
              
              #define ADC0832_cs_pin_reset()     ADC0832_PIN_CS = 0
              #define ADC0832_cs_pin_set()       ADC0832_PIN_CS = 1
              
              ///ADC0832参考电压
              #define ADC0832_AD_REF_VALTAGE    (5000ul)
              /*----------------------------------------------*
               * 枚举定义                            *
               *----------------------------------------------*/
              
              /*----------------------------------------------*
               * 结构体定义                              *
               *----------------------------------------------*/
              
C51 COMPILER V9.01   ADC0832                                                               03/05/2020 22:48:01 PAGE 2   

              /*----------------------------------------------*
               * 外部函数原型说明                                     *
               *----------------------------------------------*/
              
              /*----------------------------------------------*
               * 内部函数原型说明                                   *
               *----------------------------------------------*/
              
              /*----------------------------------------------*
               * 全局变量                                     *
               *----------------------------------------------*/
              
              /*----------------------------------------------*
               * 常量定义                                       *
               *----------------------------------------------*/
              
              /*---------------------------------------------------------------------------*/
              /**
              *@brief 读取adc0832的AD值
              *
              *
              *@param channel 取值: 0/1, 其他值错误
              *
              *@return 
              * 
              *
              *@note 
              *
              */
              uint16_t adc0832_read_ad(uint8_t channel)
              {
                uint8_t i = 0;
                uint8_t j;
                uint16_t dat = 0;
                uint8_t ndat = 0;
              
                if(channel == 0){
                  channel = 2;
                }else if(channel == 1){
                  channel = 3;
                }else{
                  log("adc0832 channel err\r\n");
                  return 0;
                }
              
                ADC0832_di_pin_set();
                _nop_();
                _nop_();
                ADC0832_cs_pin_reset();
                _nop_();
                _nop_();
                ADC0832_clk_pin_set();
                _nop_();
                _nop_();
                ADC0832_clk_pin_reset();
                _nop_();
                _nop_();
                ADC0832_clk_pin_set();
                if(channel&0x1){
                  ADC0832_di_pin_set();
                }else{
                  ADC0832_di_pin_reset();
C51 COMPILER V9.01   ADC0832                                                               03/05/2020 22:48:01 PAGE 3   

                }
                _nop_();
                _nop_();
                ADC0832_clk_pin_reset();
                _nop_();
                _nop_();
                ADC0832_clk_pin_set();
                if((channel>>1)&0x1){
                  ADC0832_di_pin_set();
                }else{
                  ADC0832_di_pin_reset();
                }
                _nop_();
                _nop_();
                ADC0832_clk_pin_reset();
                ADC0832_di_pin_set();
                _nop_();
                _nop_();
                dat=0;
                for(i = 0; i < 8; i++)
                {
                  dat |= ADC0832_do_pin_read();
                  ADC0832_clk_pin_set();
                  _nop_();
                  _nop_();
                  ADC0832_clk_pin_reset();
                  _nop_();
                  _nop_();
                  dat <<= 1;
                  if(i == 7){
                    dat |= ADC0832_do_pin_read();
                  }
                    
                }  
                for(i = 0; i < 8; i++)
                {
                  j = 0;
                  j |= ADC0832_do_pin_read();/* 收数据 */
                  ADC0832_clk_pin_set();
                  _nop_();
                  _nop_();
                  ADC0832_clk_pin_reset();
                  _nop_();
                  _nop_();
                  j <<= 7;
                  ndat |= j;
                  if( i < 7 ){
                    ndat >>= 1;
                  }
                }
                
                ADC0832_cs_pin_set();
                ADC0832_clk_pin_reset();
                dat <<= 8;
                dat |= ndat;
                dat >>= 8;
                
                return dat;
              }
              /*---------------------------------------------------------------------------*/
              /**
              *@brief 读取adc0832电压值
C51 COMPILER V9.01   ADC0832                                                               03/05/2020 22:48:01 PAGE 4   

              *
              *
              *@param channel 取值: 0/1, 其他值错误
              *
              *@return 
              * 
              *
              *@note 
              *
              */
              uint16_t adc0832_read_voltage_mv(uint8_t channel)
              {
                uint32_t ad;
              
                ad = adc0832_read_ad(channel);
              
                ///计算电压值
                ad *= ADC0832_AD_REF_VALTAGE;
                ad >>= 8;
              
                return ad;
              }
              /*---------------------------------------------------------------------------*/
              /**
              *@brief adc0832初始化
              *
              *
              *@param none
              *
              *@return 
              * 
              *
              *@note 
              *
              */
              void adc0832_init(void)
              {
                adc0832_read_ad(0);///<读取Adc0832值,丢弃,防止第一次读取值时错误
              }
              /*---------------------------------------------------------------------------*/
              
              #endif//ADC0832_DEV_DRIVER
 221          


MODULE INFORMATION:   STATIC OVERLAYABLE
   CODE SIZE        =   ----    ----
   CONSTANT SIZE    =   ----    ----
   XDATA SIZE       =   ----    ----
   PDATA SIZE       =   ----    ----
   DATA SIZE        =   ----    ----
   IDATA SIZE       =   ----    ----
   BIT SIZE         =   ----    ----
   EDATA SIZE       =   ----    ----
   HDATA SIZE       =   ----    ----
   XDATA CONST SIZE =   ----    ----
   FAR CONST SIZE   =   ----    ----
END OF MODULE INFORMATION.


C51 COMPILATION COMPLETE.  0 WARNING(S),  0 ERROR(S)
