C51 COMPILER V9.60.0.0   TIMER0                                                            05/13/2020 13:11:19 PAGE 1   


C51 COMPILER V9.60.0.0, COMPILATION OF MODULE TIMER0
OBJECT MODULE PLACED IN .\output\timer0.obj
COMPILER INVOKED BY: F:\Keil_v5\C51\BIN\C51.EXE source\timer0.c OMF2 OPTIMIZE(8,SPEED) DEBUG PRINT(.\Listings\timer0.lst
                    -) PREPRINT(.\Listings\timer0.i) OBJECT(.\output\timer0.obj)

line level    source

   1          /******************************************************************************
   2          文 件 名   : timer0.c
   3           
   4          @file timer0.c
   5          @brief 定时器0驱动
   6          
   7          ******************************************************************************/
   8          
   9          /*----------------------------------------------*
  10           * 包含头文件                                   *
  11           *----------------------------------------------*/
  12          #include "main.h"
  13          
  14          #ifdef TIMER0_DEV_DRIVER
  15          
  16          /*----------------------------------------------*
  17           * 宏定义                                 *
  18           *----------------------------------------------*/
  19          //#define TIMER0_MODE1_DEV_DRIVER
  20          
  21          
  22          #ifdef TIMER0_MODE1_DEV_DRIVER
              
              #define TIMER0_MODE1_INIT_VALUE_H_50MS    (0x4C)  ///<11.05926M晶振下计算得到
              #define TIMER0_MODE1_INIT_VALUE_L_50MS    (0x00)  ///<11.05926M晶振下计算得到
              
              #define TIMER0_MODE1_INIT_VALUE_H_10MS    (0xDC)  ///<11.05926M晶振下计算得到
              #define TIMER0_MODE1_INIT_VALUE_L_10MS    (0x00)  ///<11.05926M晶振下计算得到
              
              #define TIMER0_MODE1_INIT_VALUE_H_1MS     (0xFC)  ///<11.05926M晶振下计算得到
              #define TIMER0_MODE1_INIT_VALUE_L_1MS     (0x66)  ///<11.05926M晶振下计算得到
              
              #define TIMER0_MODE1_INIT_VALUE_H         TIMER0_MODE1_INIT_VALUE_H_1MS
              #define TIMER0_MODE1_INIT_VALUE_L         TIMER0_MODE1_INIT_VALUE_L_1MS
              #endif
  36          
  37          ///定时器0中断定义
  38          //#define timer0_irq()    
  39          /*----------------------------------------------*
  40           * 枚举定义                            *
  41           *----------------------------------------------*/
  42          
  43          /*----------------------------------------------*
  44           * 结构体定义                              *
  45           *----------------------------------------------*/
  46          
  47          /*----------------------------------------------*
  48           * 外部函数原型说明                                     *
  49           *----------------------------------------------*/
  50          
  51          /*----------------------------------------------*
  52           * 内部函数原型说明                                   *
  53           *----------------------------------------------*/
  54          
C51 COMPILER V9.60.0.0   TIMER0                                                            05/13/2020 13:11:19 PAGE 2   

  55          /*----------------------------------------------*
  56           * 全局变量                                     *
  57           *----------------------------------------------*/
  58          
  59          volatile clock_time_t clock_ticks = 0;
  60          /*----------------------------------------------*
  61           * 常量定义                                       *
  62           *----------------------------------------------*/
  63          
  64          /*---------------------------------------------------------------------------*/
  65          
  66          
  67          #ifdef TIMER0_MODE1_DEV_DRIVER
              /**
              *@brief 定时器0初始化
              *
              *
              *@param none
              *
              *@return 
              * 
              *
              *@note 定时器0工作在方式1,即16位计数器
              *
              */
              void timer0_mode1_init(void)
              {
                      TMOD &= 0xF0;           ///<设置定时器0为方式1
                      TMOD |= 0x01;           ///<设置定时器0为方式1
                      TL0 = TIMER0_MODE1_INIT_VALUE_L;///<设定定时器初值
                      TH0 = TIMER0_MODE1_INIT_VALUE_H;                        
                      TF0 = 0;                ///<清除TF0标志
                      TR0 = 1;                ///<定时器0开始计时
                ET0 = 1;    ///<允许定时/计数器0中断
              }
              
              #else
  92          /**
  93          *@brief 定时器0初始化
  94          *
  95          *
  96          *@param none
  97          *
  98          *@return 
  99          * 
 100          *
 101          *@note 定时器0工作在方式2,即8位自动重载
 102          *
 103          */
 104          void timer0_mode2_init(void)
 105          {
 106   1        TMOD &= 0xF0;         ///<设置定时器模式为方式2
 107   1              TMOD |= 0x02;           ///<设置定时器模式
 108   1              TL0 = 0x48;               ///<设置定时初值, 200us定时
 109   1              TH0 = 0x48;               ///<设置定时重载值
 110   1              TF0 = 0;                    ///<清除TF0标志
 111   1              TR0 = 1;                    ///<定时器0开始计时
 112   1        ET0 = 1;        ///<允许定时/计数器0中断
 113   1      }
 114          #endif
 115          /*---------------------------------------------------------------------------*/
 116          /**
C51 COMPILER V9.60.0.0   TIMER0                                                            05/13/2020 13:11:19 PAGE 3   

 117          *@brief 延时毫秒时间
 118          *
 119          *
 120          *@param Delay: 延时的毫秒
 121          *
 122          *@return none
 123          * 
 124          *
 125          *@note 只能定时器0工作在方式1,即16位计数器,并且1毫秒中断一次
 126          *
 127          */
 128          void HAL_Delay(uint32_t Delay)
 129          {
 130   1        clock_time_t tickstart = HAL_GetTick();
 131   1        clock_time_t wait = Delay;
 132   1      
 133   1        /* Add a freq to guarantee minimum wait */
 134   1        if (wait < 0xFFFFU){
 135   2          wait += 1u;
 136   2        }
 137   1      
 138   1        while ((HAL_GetTick() - tickstart) < wait){
 139   2        }
 140   1      }
 141          /*---------------------------------------------------------------------------*/
 142          /**
 143          *@brief 定时器0中断函数入口
 144          *
 145          *
 146          *@param none
 147          *
 148          *@return 
 149          * 
 150          *
 151          *@note 
 152          *
 153          */
 154          void timer0() interrupt 1
 155          {
 156   1      #ifdef TIMER0_MODE1_DEV_DRIVER
                TL0 = TIMER0_MODE1_INIT_VALUE_L;///<设定定时器初值
                      TH0 = TIMER0_MODE1_INIT_VALUE_H;        
              
                timer0_irq();///<定时器0中断处理函数
              #else
 162   1        timer0_irq();///<定时器0中断处理函数
 163   1      #endif
 164   1      }
 165          #endif
 166          /*---------------------------------------------------------------------------*/
 167          


MODULE INFORMATION:   STATIC OVERLAYABLE
   CODE SIZE        =    128    ----
   CONSTANT SIZE    =   ----    ----
   XDATA SIZE       =   ----    ----
   PDATA SIZE       =   ----    ----
   DATA SIZE        =      2       4
   IDATA SIZE       =   ----    ----
   BIT SIZE         =   ----    ----
   EDATA SIZE       =   ----    ----
C51 COMPILER V9.60.0.0   TIMER0                                                            05/13/2020 13:11:19 PAGE 4   

   HDATA SIZE       =   ----    ----
   XDATA CONST SIZE =   ----    ----
   FAR CONST SIZE   =   ----    ----
END OF MODULE INFORMATION.


C51 COMPILATION COMPLETE.  0 WARNING(S),  0 ERROR(S)
