C51 COMPILER V9.01   LCD                                                                   03/22/2020 21:49:08 PAGE 1   


C51 COMPILER V9.01, COMPILATION OF MODULE LCD
OBJECT MODULE PLACED IN lcd.OBJ
COMPILER INVOKED BY: E:\KEIL\C51\BIN\C51.EXE lcd.c RTX51 BROWSE DEBUG OBJECTEXTEND

line level    source

   1          #include<reg52.h>
   2          #include "lcd.h"
   3          
   4          
   5          
   6          void delay(uint z)
   7          {
   8   1              uint i,j;
   9   1              for(i=100;i>0;i--)
  10   1                      for(j=z;j>0;j--);
  11   1      }
  12          void write_com(uchar com)                                                  //对LCD1602写指令操作，时序可看芯片手册
  13          {
  14   1      
  15   1              lcdrs=0;
  16   1              P2=com;
  17   1              delay(5);
  18   1              lcden=1;
  19   1              delay(5);
  20   1              lcden=0;
  21   1      }
  22          void write_data(uchar dat)                                               //对LCD1602写数据操作，时序可看芯片手册
  23          {
  24   1              lcdrs=1;
  25   1              P2=dat;
  26   1              delay(5);
  27   1              lcden=1;
  28   1              delay(5);
  29   1              lcden=0;
  30   1      }
  31          
  32          void lcd_init()                                                           //初始化LCD，并且光标从第一行第一个位置开始写
  33          {
  34   1              lcden=0;
  35   1              lcdrw = 0 ;
  36   1              write_com(0x38);
  37   1              write_com(0x0c);
  38   1              write_com(0x06);
  39   1              write_com(0x01);
  40   1              write_com(0x80);
  41   1      
  42   1      }
  43          
  44          //void display_string(uchar num, uchar *string)          //LCD显示字符串函数，输入参数可设置写入位置
  45          //{
  46          //      write_com(0x80 + num);
  47          //      while(*string != '\0')
  48          //      {
  49          //              write_data(*string++);
  50          //      }
  51          //}
  52          void display_res(uint pos, uint d_tab)                                          //显示最终距离函数
  53          {
  54   1              uchar a,b,c,d,e = 0;
  55   1              a = d_tab / 10000;
C51 COMPILER V9.01   LCD                                                                   03/22/2020 21:49:08 PAGE 2   

  56   1              b = d_tab / 1000 %10;
  57   1              c = d_tab /100 %10;
  58   1              d = d_tab /10 % 10;
  59   1              e = d_tab % 10;
  60   1      
  61   1              write_com(pos);
  62   1              write_data(0x30 + a);
  63   1              write_data(0x30 + b);
  64   1              write_data(0x30 + c);
  65   1              write_data(0x30 + d);
  66   1              write_data(0x30 + e);
  67   1              write_com(0x02);
  68   1      }


MODULE INFORMATION:   STATIC OVERLAYABLE
   CODE SIZE        =    230    ----
   CONSTANT SIZE    =   ----    ----
   XDATA SIZE       =   ----    ----
   PDATA SIZE       =   ----    ----
   DATA SIZE        =   ----       6
   IDATA SIZE       =   ----    ----
   BIT SIZE         =   ----    ----
END OF MODULE INFORMATION.


C51 COMPILATION COMPLETE.  0 WARNING(S),  0 ERROR(S)
