C51 COMPILER V9.01   MAIN                                                                  03/22/2020 23:59:00 PAGE 1   


C51 COMPILER V9.01, COMPILATION OF MODULE MAIN
OBJECT MODULE PLACED IN main.OBJ
COMPILER INVOKED BY: E:\KEIL\C51\BIN\C51.EXE main.c RTX51 BROWSE DEBUG OBJECTEXTEND

line level    source

   1          #include<reg52.h>
   2          
   3          #include "lcd.h"
   4          #include "uart.h"
   5          
   6          
   7          uchar flag_edge = 0;
   8          uint times = 0;
   9          
  10          
  11          uint freq = 0;
  12          uint period = 0;
  13          
  14          
  15          uint flag2 = 0;
  16          uint time_1s = 0;
  17          ulong final_res[4] = {12345,23456,98765,6789};
  18          
  19          
  20          void timer_init()
  21          {
  22   1              ET1 = 0;
  23   1              TMOD=0x10;
  24   1              TH1 = 0;                  
  25   1              TL1 = 0;
  26   1      
  27   1              EX0 = 1;
  28   1              EX1 = 1;
  29   1      
  30   1              TR1=0;
  31   1              EA=1;                                     //¿ªÆôÖÕ¶Ë¿ª¹Ø
  32   1      }
  33          void main()
  34          {
  35   1              uint phase_num = 0;
  36   1              uchar channel_num = 0;
  37   1              lcd_init();
  38   1              uart_init();
  39   1              timer_init();
  40   1      
  41   1              while(1)
  42   1              { 
  43   2                      if(flag_edge == 1)
  44   2                      {
  45   3                              flag_edge = 0;
  46   3                              //display_res(0x80,times);
  47   3                      }       
  48   2              }
  49   1      }
  50          
  51          
  52          
  53          void INT0_isr() interrupt 0
  54          {
  55   1              TR1 = 1;
C51 COMPILER V9.01   MAIN                                                                  03/22/2020 23:59:00 PAGE 2   

  56   1      }
  57          
  58          void INT1_isr() interrupt 2
  59          {
  60   1              TR1 = 0;
  61   1              times = (TH1 << 8) + TL1;
  62   1              display_res(0x80,times);
  63   1              TH1 = 0;
  64   1              TL1 = 0;
  65   1              flag_edge = 1;
  66   1              
  67   1      
  68   1      
  69   1      }


MODULE INFORMATION:   STATIC OVERLAYABLE
   CODE SIZE        =    141    ----
   CONSTANT SIZE    =   ----    ----
   XDATA SIZE       =   ----    ----
   PDATA SIZE       =   ----    ----
   DATA SIZE        =     27       3
   IDATA SIZE       =   ----    ----
   BIT SIZE         =   ----    ----
END OF MODULE INFORMATION.


C51 COMPILATION COMPLETE.  0 WARNING(S),  0 ERROR(S)
