C51 COMPILER V9.60.0.0   BSP_TIMER                                                         03/28/2020 15:44:00 PAGE 1   


C51 COMPILER V9.60.0.0, COMPILATION OF MODULE BSP_TIMER
OBJECT MODULE PLACED IN ..\Objects\bsp_timer.obj
COMPILER INVOKED BY: F:\Keil_v5\C51\BIN\C51.EXE ..\BSP\src\bsp_timer.c OPTIMIZE(8,SPEED) BROWSE INCDIR(..\user;..\BSP\in
                    -c) DEBUG OBJECTEXTEND PRINT(..\Listings\bsp_timer.lst) OBJECT(..\Objects\bsp_timer.obj)

line level    source

   1          /**
   2            ************************************* Copyright ****************************** 
   3            *
   4            *                 (C) Copyright 2019,ZERO,China, NANJING.
   5            *                            All Rights Reserved
   6            *                              
   7            *                     
   8            *                     https://user1513.github.io/Codes/
   9            *    
  10            * FileName   : timer.c   
  11            * Version    : v1.0           
  12            * Author     : ZERO                   
  13            * Date       : 2019-04-11         
  14            * Description:    
  15            * Function List:  
  16                  1. ....
  17                     <version>:           
  18            <modify staff>:
  19                            <data>:
  20             <description>:  
  21                  2. ...
  22            ******************************************************************************
  23           */
  24          #include "bsp_timer.h"
  25          
  26          
  27          void Timer0Init(void)                           //定时器初始化  10毫秒@12.000MHz
  28          {
  29   1          TMOD &= 0xF0;                                       //设置定时器模式
  30   1          
  31   1              TMOD |= 0x01;                                   //设置定时器模式
  32   1          
  33   1              TL0 = 0x00;                                             //设置定时初值
  34   1              
  35   1              TH0 = 0x4C;                                             //设置定时初值
  36   1          
  37   1              TF0 = 0;                                                //清除TF0标志
  38   1          
  39   1              TR0 = 1;                                                //定时器0开始计时
  40   1              
  41   1          IE |=0X82;                                          //EA , ET0 中断打开
  42   1      }
  43          
  44          
  45          extern Info Dishes_Info;
  46          void tim0() interrupt 1
  47          {
  48   1              //static uint8_t timeout = 0;
  49   1          TL0 = 0x00;                                                                                                                                                                                 //设置定时初值
  50   1          TH0 = 0x4C;                                                                                                                                                                                 //设置定时初值
  51   1              
  52   1              // if(timeout++ == 2)
  53   1              // {
  54   1              //      timeout = 0;
C51 COMPILER V9.60.0.0   BSP_TIMER                                                         03/28/2020 15:44:00 PAGE 2   

  55   1          
  56   1                      uGetKeyPadAction();
  57   1                      Electronic_scale_scan(Dishes_Info.WhichES,(float)read2543(0) / 819.0 );
  58   1              // }
  59   1              
  60   1      }
  61          


MODULE INFORMATION:   STATIC OVERLAYABLE
   CODE SIZE        =    122    ----
   CONSTANT SIZE    =   ----    ----
   XDATA SIZE       =   ----    ----
   PDATA SIZE       =   ----    ----
   DATA SIZE        =   ----    ----
   IDATA SIZE       =   ----    ----
   BIT SIZE         =   ----    ----
END OF MODULE INFORMATION.


C51 COMPILATION COMPLETE.  0 WARNING(S),  0 ERROR(S)
