C51 COMPILER V9.60.0.0   BSP_LCD                                                           03/28/2020 15:44:00 PAGE 1   


C51 COMPILER V9.60.0.0, COMPILATION OF MODULE BSP_LCD
OBJECT MODULE PLACED IN ..\Objects\bsp_lcd.obj
COMPILER INVOKED BY: F:\Keil_v5\C51\BIN\C51.EXE ..\BSP\src\bsp_lcd.c OPTIMIZE(8,SPEED) BROWSE INCDIR(..\user;..\BSP\inc)
                    - DEBUG OBJECTEXTEND PRINT(..\Listings\bsp_lcd.lst) OBJECT(..\Objects\bsp_lcd.obj)

line level    source

   1          #include "bsp_lcd.h"
   2          
   3          /*******************************************************************************
   4          * 函 数 名         : Delay1ms
   5          * 函数功能                 : 延时函数，延时1ms
   6          * 输    入         : c
   7          * 输    出         : 无
   8          * 说    名         : 该函数是在12MHZ晶振下，12分频单片机的延时。
   9          *******************************************************************************/
  10          
  11          void Delay1ms(uchar z)          //@11.0592MHz
  12          {
  13   1              unsigned char i, j,k;
  14   1              for(k=0;k<z;k++)
  15   1              {
  16   2                      _nop_();
  17   2                      i = 2;
  18   2                      j = 199;
  19   2                      do
  20   2                      {
  21   3                              while (--j);
  22   3                      } while (--i);
  23   2              }
  24   1      }
  25          
  26          void Delay100us()               //@11.0592MHz
  27          {
  28   1              unsigned char i;
  29   1      
  30   1      //      _nop_();
  31   1      //      i = 43;
  32   1      //      while (--i);
  33   1              
  34   1      
  35   1              _nop_();//实际延时50us//仿真时候用
  36   1              i = 100;
  37   1              while (--i);
  38   1      }
  39          
  40          
  41          /*******************************************************************************
  42          * 函 数 名         : LcdWriteCom
  43          * 函数功能                 : 向LCD写入一个字节的命令
  44          * 输    入         : com
  45          * 输    出         : 无
  46          *******************************************************************************/
  47          #ifndef         LCD1602_4PINS    //当没有定义这个LCD1602_4PINS时
              void LcdWriteCom(uchar com)       //写入命令
              {
                      LCD1602_E = 0;     //使能
                      LCD1602_RS = 0;    //选择发送命令
                      LCD1602_RW = 0;    //选择写入
                      
                      LCD1602_DATAPINS = com;     //放入命令
C51 COMPILER V9.60.0.0   BSP_LCD                                                           03/28/2020 15:44:00 PAGE 2   

                      //Delay1ms(1);          //等待数据稳定
                      Delay100us();
                      LCD1602_E = 1;            //写入时序
                      Delay100us();     //保持时间
                      LCD1602_E = 0;
              }
              #else 
  62          void LcdWriteCom(uchar com)       //写入命令
  63          {
  64   1              LCD1602_E = 0;   //使能清零
  65   1              LCD1602_RS = 0;  //选择写入命令
  66   1              LCD1602_RW = 0;  //选择写入
  67   1      
  68   1              LCD1602_DATAPINS = com; //由于4位的接线是接到P0口的高四位，所以传送高四位不用改
  69   1              //Delay1ms(1);
  70   1              Delay100us();
  71   1              LCD1602_E = 1;   //写入时序
  72   1              //Delay1ms(1);
  73   1              Delay100us();
  74   1              LCD1602_E = 0;
  75   1      
  76   1      //      Delay1ms(1);
  77   1              LCD1602_DATAPINS = com << 4; //发送低四位
  78   1              //Delay1ms(1);
  79   1              Delay100us();
  80   1              LCD1602_E = 1;   //写入时序
  81   1              //Delay1ms(1);
  82   1              Delay100us();
  83   1              LCD1602_E = 0;
  84   1      }
  85          #endif
  86          /*******************************************************************************
  87          * 函 数 名         : LcdWriteData
  88          * 函数功能                 : 向LCD写入一个字节的数据
  89          * 输    入         : dat
  90          * 输    出         : 无
  91          *******************************************************************************/                   
  92          #ifndef         LCD1602_4PINS              
              void LcdWriteData(uchar dat)                    //写入数据
              {
                      LCD1602_E = 0;  //使能清零
                      LCD1602_RS = 1; //选择输入数据
                      LCD1602_RW = 0; //选择写入
              
                      LCD1602_DATAPINS = dat; //写入数据
                      //Delay1ms(1);
                      Delay100us();
                      LCD1602_E = 1;   //写入时序
                      Delay100us();   //保持时间
                      LCD1602_E = 0;
              }
              #else
 107          void LcdWriteData(uchar dat)                    //写入数据
 108          {
 109   1              LCD1602_E = 0;    //使能清零
 110   1              LCD1602_RS = 1;   //选择写入数据
 111   1              LCD1602_RW = 0;   //选择写入
 112   1      
 113   1              LCD1602_DATAPINS = dat; //由于4位的接线是接到P0口的高四位，所以传送高四位不用改
 114   1              //Delay1ms(1);
 115   1              Delay100us();
 116   1              LCD1602_E = 1;    //写入时序
C51 COMPILER V9.60.0.0   BSP_LCD                                                           03/28/2020 15:44:00 PAGE 3   

 117   1              //Delay1ms(1);
 118   1              Delay100us();
 119   1              LCD1602_E = 0;
 120   1      
 121   1              LCD1602_DATAPINS = dat << 4; //写入低四位
 122   1              //Delay1ms(1);
 123   1              Delay100us();
 124   1              LCD1602_E = 1;    //写入时序
 125   1              Delay100us();
 126   1              LCD1602_E = 0;
 127   1      }
 128          #endif
 129          /*******************************************************************************
 130          * 函 数 名       : LcdInit()
 131          * 函数功能               : 初始化LCD屏
 132          * 输    入       : 无
 133          * 输    出       : 无
 134          *******************************************************************************/                   
 135          #ifndef         LCD1602_4PINS
              void LcdInit()                                            //LCD初始化子程序
              {
                      LcdWriteCom(0x38);  //开显示
                      LcdWriteCom(0x0c);  //开显示不显示光标
                      LcdWriteCom(0x06);  //写一个指针加1
                      LcdWriteCom(0x01);  //清屏
                      LcdWriteCom(0x80);  //设置数据指针起点
              }
              #else
 145          void LcdInit()                                            //LCD初始化子程序
 146          {
 147   1              LcdWriteCom(0x32);       //将8位总线转为4位总线
 148   1              LcdWriteCom(0x28);       //在四位线下的初始化
 149   1              LcdWriteCom(0x0c);  //开显示不显示光标
 150   1              LcdWriteCom(0x06);  //写一个指针加1
 151   1              LcdWriteCom(0x01);  //清屏
 152   1              LcdWriteCom(0x80);  //设置数据指针起点
 153   1      }
 154          #endif
 155          
 156          void LcdShowStr(char cAddr,char *pStr)
 157          {
 158   1              ET0 = 0;
 159   1              while(*pStr != '\0')
 160   1              {
 161   2                      LcdWriteCom(cAddr);
 162   2                      cAddr++;
 163   2                      LcdWriteData(*pStr);
 164   2                      pStr++;
 165   2              }
 166   1              ET0 = 1;
 167   1      }
 168          
 169          


MODULE INFORMATION:   STATIC OVERLAYABLE
   CODE SIZE        =    139    ----
   CONSTANT SIZE    =   ----    ----
   XDATA SIZE       =   ----    ----
   PDATA SIZE       =   ----    ----
   DATA SIZE        =   ----    ----
   IDATA SIZE       =   ----    ----
C51 COMPILER V9.60.0.0   BSP_LCD                                                           03/28/2020 15:44:00 PAGE 4   

   BIT SIZE         =   ----    ----
END OF MODULE INFORMATION.


C51 COMPILATION COMPLETE.  0 WARNING(S),  0 ERROR(S)
