C51 COMPILER V9.60.0.0   DELAY                                                             05/03/2020 22:39:45 PAGE 1   


C51 COMPILER V9.60.0.0, COMPILATION OF MODULE DELAY
OBJECT MODULE PLACED IN delay.OBJ
COMPILER INVOKED BY: F:\Keil_v5\C51\BIN\C51.EXE delay.c OPTIMIZE(8,SPEED) BROWSE DEBUG OBJECTEXTEND

line level    source

   1          
   2          #include "std_for_wym.h"
   3          
   4          void DelayMs(unsigned int z)      //1MSµÄÑÓÊ±º¯Êý
   5          {
   6   1         unsigned int x;
   7   1         for(;z>0;z--)
   8   1           for(x=110;x>0;x--);
   9   1      }/*
  10          void Delay(unsigned char z)
  11          {
  12              while(z--);
  13          }*/


MODULE INFORMATION:   STATIC OVERLAYABLE
   CODE SIZE        =     30    ----
   CONSTANT SIZE    =   ----    ----
   XDATA SIZE       =   ----    ----
   PDATA SIZE       =   ----    ----
   DATA SIZE        =   ----    ----
   IDATA SIZE       =   ----    ----
   BIT SIZE         =   ----    ----
END OF MODULE INFORMATION.


C51 COMPILATION COMPLETE.  0 WARNING(S),  0 ERROR(S)
