C51 COMPILER V9.60.0.0   MAIN                                                              05/04/2020 23:11:50 PAGE 1   


C51 COMPILER V9.60.0.0, COMPILATION OF MODULE MAIN
OBJECT MODULE PLACED IN .\Objects\main.obj
COMPILER INVOKED BY: F:\Keil_v5\C51\BIN\C51.EXE main.c OPTIMIZE(8,SPEED) BROWSE DEBUG OBJECTEXTEND PRINT(.\Listings\main
                    -.lst) OBJECT(.\Objects\main.obj)

line level    source

   1          #include "app.h"
   2          #include "NRF24L01.h"
   3          #include "ds1302.h"
   4          #include "usart.h"
   5          #include "timer.h"
   6          #include "lcd12864.h"
   7          #include "stdio.h"
   8          #include "temp.h"
   9          #include "VS1838B.h"
  10          
  11          
  12          extern xdata unsigned char IRCOM[];
  13          extern uint8_t xdata RX_BUF[];
  14          
  15          
  16          
  17          
  18          uint32_t STATE_FLAG = 0; //状态标志位
  19          
  20          
  21          bit vs1838b_flag = 0;
  22          void Delay1000ms()              //@11.0592MHz
  23          {
  24   1              unsigned char i, j, k;
  25   1      
  26   1              i = 43;
  27   1              j = 6;
  28   1              k = 203;
  29   1              do
  30   1              {
  31   2                      do
  32   2                      {
  33   3                              while (--k);
  34   3                      } while (--j);
  35   2              } while (--i);
  36   1      }
  37          xdata uint8_t able[16] = {0};
  38          void main()
  39          {
  40   1              
  41   1              uint8_t data_ = 0;
  42   1              uint16_t temp = 0;
  43   1              P3M0=0x08;
  44   1              P33 = 0;
  45   1              UartInit();
  46   1              Delay1000ms();
  47   1              Lcm_Init();
  48   1              Delay1000ms();
  49   1              Lcm_Init();
  50   1              Delay1000ms();
  51   1              Lcm_Init();
  52   1              Wr_Data_String(0x80, (unsigned char *)"****************");
  53   1              Wr_Data_String(0x90, (unsigned char *)"基于单片机的无线");
  54   1              Wr_Data_String(0x88, (unsigned char *)"红外防盗报警系统");
C51 COMPILER V9.60.0.0   MAIN                                                              05/04/2020 23:11:50 PAGE 2   

  55   1              Wr_Data_String(0x98, (unsigned char *)"****************");
  56   1              Delay1000ms();
  57   1              Delay1000ms();
  58   1              P33 = 1;
  59   1              Delay1000ms();
  60   1              P33 = 0;
  61   1              Wr_Data_String(0x80, (unsigned char *)"姓名：  丁  琴  ");
  62   1              Wr_Data_String(0x90, (unsigned char *)"学号：160211202 ");
  63   1              Wr_Data_String(0x88, (unsigned char *)"警告：一切安全!!");
  64   1              Wr_Data_String(0x98, (unsigned char *)"模式：  布  防  ");
  65   1              //NRF24L01初始化
  66   1              init_io();                         //无线初始化IO
  67   1              RX_Mode();                         //设置为接收模式
  68   1              Timer0Init();
  69   1              vs1838b_Init();
  70   1              while(1)
  71   1              {
  72   2                      if(STATE_FLAG & (1 << 0 ))
  73   2                      {
  74   3                              STATE_FLAG &= ~(1 << 0);
  75   3      
  76   3                              if(IRCOM[6] == 0x34 && IRCOM[5] == 0x36)
  77   3                              {
  78   4                                      IRCOM[6] = 0;
  79   4                                      IRCOM[5] = 0;
  80   4                                      vs1838b_flag = ~vs1838b_flag;
  81   4                                      if(vs1838b_flag == 0)
  82   4                                      {
  83   5                                              Wr_Data_String(0x9C, "布  防  ");
  84   5                                      }
  85   4                                      else
  86   4                                      {
  87   5                                              Wr_Data_String(0x9C, "撤  防   ");
  88   5                                      }
  89   4                              }
  90   3                              
  91   3                              
  92   3                              if(vs1838b_flag == 0 && RX_BUF[2] == 0x01)
  93   3                              {
  94   4                                      SendByte(0x88);
  95   4                                      P33 = ~P33;
  96   4                              }       
  97   3                              else
  98   3                              {
  99   4                                      P33 = 0;
 100   4                              }
 101   3                              
 102   3                              if(RX_BUF[2] == 0x01)
 103   3                              {
 104   4                                      Wr_Data_String(0x8B, (unsigned char *)"有人靠近!!");
 105   4                              }
 106   3                              else
 107   3                              {
 108   4                                      Wr_Data_String(0x8B, (unsigned char *)"一切安全!!");
 109   4                              }
 110   3                              NRF24L01_Send();
 111   3                      }
 112   2                              
 113   2                              
 114   2      //              Delay1000ms();
 115   2                      
 116   2              }
C51 COMPILER V9.60.0.0   MAIN                                                              05/04/2020 23:11:50 PAGE 3   

 117   1      }


MODULE INFORMATION:   STATIC OVERLAYABLE
   CODE SIZE        =    284    ----
   CONSTANT SIZE    =    160    ----
   XDATA SIZE       =     16    ----
   PDATA SIZE       =   ----    ----
   DATA SIZE        =      4       3
   IDATA SIZE       =   ----    ----
   BIT SIZE         =      1    ----
END OF MODULE INFORMATION.


C51 COMPILATION COMPLETE.  0 WARNING(S),  0 ERROR(S)
