C51 COMPILER V9.60.0.0   TIMER                                                             05/04/2020 23:39:08 PAGE 1   


C51 COMPILER V9.60.0.0, COMPILATION OF MODULE TIMER
OBJECT MODULE PLACED IN .\Objects\timer.obj
COMPILER INVOKED BY: F:\Keil_v5\C51\BIN\C51.EXE timer.c OPTIMIZE(8,SPEED) BROWSE DEBUG OBJECTEXTEND PRINT(.\Listings\tim
                    -er.lst) OBJECT(.\Objects\timer.obj)

line level    source

   1          #include "timer.h"
   2          
   3          extern const uint8_t code HZ_tab[][16];
   4          /*******************************************************************************
   5          * 函 数 名         : Timer0Init
   6          * 函数功能                 : 定时器0初始化
   7          * 输    入         : 无
   8          * 输    出         : 无
   9          *******************************************************************************/
  10          void Timer0Init(void)
  11          {
  12   1              TMOD|=0X01; //选择为定时器0模式，工作方式1，仅用TR0打开启动。
  13   1              TL0 = 0x00;             //设置定时初值
  14   1              TH0 = 0xDC;             //设置定时初值
  15   1              ET0=1;      //打开定时器0中断允许
  16   1              EA=1;       //打开总中断
  17   1              TR0=1;      //打开定时器                        
  18   1      }
  19          
  20                  uint8_t * _pDs18b20 = (uint8_t *)0;
  21                  uint8_t * _pDs1302 = (uint8_t *)0;
  22                  uint8_t key_val = 1;
  23          void Timer0() interrupt 1
  24          {
  25   1              static uint8_t delay_10ms = 0;
  26   1              uint8_t tmp = 0;
  27   1              int i = 0;
  28   1              TL0 = 0x00;             //设置定时初值
  29   1              TH0 = 0xDC;             //设置定时初值
  30   1              delay_10ms ++;
  31   1              tmp = kscanf();
  32   1              if(delay_10ms == 50)
  33   1              {
  34   2                      if(tmp != key_val)
  35   2                      {
  36   3                              key_val = tmp;
  37   3                              if(key_val)
  38   3                              {
  39   4                                      LCD_ShowChinaLanguage(6 ,3 , &HZ_tab[43*2][0], 2);
  40   4                              }
  41   3                              else
  42   3                              {
  43   4                                      LCD_ShowChinaLanguage(6 ,3 , &HZ_tab[45*2][0], 2);
  44   4                              }
  45   3                      }
  46   2              }
  47   1              if(delay_10ms == 50)
  48   1              {       
  49   2                      delay_10ms = 0;
  50   2                      
  51   2              }
  52   1              
  53   1              
  54   1              
C51 COMPILER V9.60.0.0   TIMER                                                             05/04/2020 23:39:08 PAGE 2   

  55   1      }


MODULE INFORMATION:   STATIC OVERLAYABLE
   CODE SIZE        =    135    ----
   CONSTANT SIZE    =   ----    ----
   XDATA SIZE       =   ----    ----
   PDATA SIZE       =   ----    ----
   DATA SIZE        =      8       2
   IDATA SIZE       =   ----    ----
   BIT SIZE         =   ----    ----
END OF MODULE INFORMATION.


C51 COMPILATION COMPLETE.  0 WARNING(S),  0 ERROR(S)
